<?xml version="1.0" encoding="UTF-8"?>
<testng-results ignored="0" total="3" passed="3" failed="0" skipped="0">
  <reporter-output>
  </reporter-output>
  <suite started-at="2020-12-24T13:59:42 IST" name="Default suite" finished-at="2020-12-24T13:59:48 IST" duration-ms="5751">
    <groups>
    </groups>
    <test started-at="2020-12-24T13:59:42 IST" name="Default test" finished-at="2020-12-24T13:59:48 IST" duration-ms="5751">
      <class name="Test.getpostmethodTest">
        <test-method signature="testFirst()[pri:0, instance:Test.getpostmethodTest@15b204a1]" started-at="2020-12-24T13:59:42 IST" name="testFirst" finished-at="2020-12-24T13:59:47 IST" duration-ms="4463" status="PASS">
          <reporter-output>
          </reporter-output>
        </test-method> <!-- testFirst -->
        <test-method signature="testSecond()[pri:0, instance:Test.getpostmethodTest@15b204a1]" started-at="2020-12-24T13:59:47 IST" name="testSecond" finished-at="2020-12-24T13:59:48 IST" duration-ms="756" status="PASS">
          <reporter-output>
          </reporter-output>
        </test-method> <!-- testSecond -->
        <test-method signature="testThird()[pri:0, instance:Test.getpostmethodTest@15b204a1]" started-at="2020-12-24T13:59:48 IST" name="testThird" finished-at="2020-12-24T13:59:48 IST" duration-ms="453" status="PASS">
          <reporter-output>
          </reporter-output>
        </test-method> <!-- testThird -->
      </class> <!-- Test.getpostmethodTest -->
    </test> <!-- Default test -->
  </suite> <!-- Default suite -->
</testng-results>
