<?xml version="1.0" encoding="UTF-8"?>
<!-- Generated by org.testng.reporters.JUnitXMLReporter -->
<testsuite ignored="0" hostname="DESKTOP-8Q0CRCJ" failures="0" tests="3" name="Default test" time="5.751" errors="0" timestamp="2020-12-24T13:59:48 IST">
  <testcase classname="Test.getpostmethodTest" name="testFirst" time="4.463"/>
  <testcase classname="Test.getpostmethodTest" name="testSecond" time="0.756"/>
  <testcase classname="Test.getpostmethodTest" name="testThird" time="0.453"/>
</testsuite> <!-- Default test -->
